..\login-server_sql.ilk
..\login-server_sql.pdb
C:\USERS\BRUNNO\DESKTOP\PROJETO PKRO\LOGIN-SERVER_SQL.EXE
C:\USERS\BRUNNO\DESKTOP\PROJETO PKRO\LOGIN-SERVER_SQL.ILK
C:\USERS\BRUNNO\DESKTOP\PROJETO PKRO\LOGIN-SERVER_SQL.PDB
C:\Users\Brunno\Desktop\Projeto PkRO\vcproj-10\..\login-server_sql.exe
C:\USERS\BRUNNO\DESKTOP\PROJETO PKRO\VCPROJ-10\LOGIN-SERVER_SQL\DEBUG\ACCOUNT_SQL.OBJ
C:\Users\Brunno\Desktop\Projeto PkRO\vcproj-10\login-server_sql\Debug\cl.command.1.tlog
C:\Users\Brunno\Desktop\Projeto PkRO\vcproj-10\login-server_sql\Debug\CL.read.1.tlog
C:\Users\Brunno\Desktop\Projeto PkRO\vcproj-10\login-server_sql\Debug\CL.write.1.tlog
C:\USERS\BRUNNO\DESKTOP\PROJETO PKRO\VCPROJ-10\LOGIN-SERVER_SQL\DEBUG\CORE.OBJ
C:\USERS\BRUNNO\DESKTOP\PROJETO PKRO\VCPROJ-10\LOGIN-SERVER_SQL\DEBUG\DB.OBJ
C:\USERS\BRUNNO\DESKTOP\PROJETO PKRO\VCPROJ-10\LOGIN-SERVER_SQL\DEBUG\ERS.OBJ
C:\USERS\BRUNNO\DESKTOP\PROJETO PKRO\VCPROJ-10\LOGIN-SERVER_SQL\DEBUG\IPBAN_SQL.OBJ
C:\Users\Brunno\Desktop\Projeto PkRO\vcproj-10\login-server_sql\Debug\link.command.1.tlog
C:\Users\Brunno\Desktop\Projeto PkRO\vcproj-10\login-server_sql\Debug\link.read.1.tlog
C:\Users\Brunno\Desktop\Projeto PkRO\vcproj-10\login-server_sql\Debug\link.write.1.tlog
C:\Users\Brunno\Desktop\Projeto PkRO\vcproj-10\login-server_sql\Debug\link-cvtres.read.1.tlog
C:\Users\Brunno\Desktop\Projeto PkRO\vcproj-10\login-server_sql\Debug\link-cvtres.write.1.tlog
C:\USERS\BRUNNO\DESKTOP\PROJETO PKRO\VCPROJ-10\LOGIN-SERVER_SQL\DEBUG\LOCK.OBJ
C:\USERS\BRUNNO\DESKTOP\PROJETO PKRO\VCPROJ-10\LOGIN-SERVER_SQL\DEBUG\LOGIN.OBJ
C:\USERS\BRUNNO\DESKTOP\PROJETO PKRO\VCPROJ-10\LOGIN-SERVER_SQL\DEBUG\LOGINLOG_SQL.OBJ
C:\Users\Brunno\Desktop\Projeto PkRO\vcproj-10\login-server_sql\Debug\login-server_sql.exe.embed.manifest
C:\USERS\BRUNNO\DESKTOP\PROJETO PKRO\VCPROJ-10\LOGIN-SERVER_SQL\DEBUG\LOGIN-SERVER_SQL.EXE.EMBED.MANIFEST.RES
C:\USERS\BRUNNO\DESKTOP\PROJETO PKRO\VCPROJ-10\LOGIN-SERVER_SQL\DEBUG\LOGIN-SERVER_SQL.EXE.INTERMEDIATE.MANIFEST
C:\Users\Brunno\Desktop\Projeto PkRO\vcproj-10\login-server_sql\Debug\login-server_sql_manifest.rc
C:\USERS\BRUNNO\DESKTOP\PROJETO PKRO\VCPROJ-10\LOGIN-SERVER_SQL\DEBUG\MALLOC.OBJ
C:\USERS\BRUNNO\DESKTOP\PROJETO PKRO\VCPROJ-10\LOGIN-SERVER_SQL\DEBUG\MD5CALC.OBJ
C:\Users\Brunno\Desktop\Projeto PkRO\vcproj-10\login-server_sql\Debug\mt.command.1.tlog
C:\Users\Brunno\Desktop\Projeto PkRO\vcproj-10\login-server_sql\Debug\mt.read.1.tlog
C:\Users\Brunno\Desktop\Projeto PkRO\vcproj-10\login-server_sql\Debug\mt.write.1.tlog
C:\USERS\BRUNNO\DESKTOP\PROJETO PKRO\VCPROJ-10\LOGIN-SERVER_SQL\DEBUG\MT19937AR.OBJ
C:\USERS\BRUNNO\DESKTOP\PROJETO PKRO\VCPROJ-10\LOGIN-SERVER_SQL\DEBUG\NULLPO.OBJ
C:\USERS\BRUNNO\DESKTOP\PROJETO PKRO\VCPROJ-10\LOGIN-SERVER_SQL\DEBUG\PLUGINS.OBJ
C:\USERS\BRUNNO\DESKTOP\PROJETO PKRO\VCPROJ-10\LOGIN-SERVER_SQL\DEBUG\RANDOM.OBJ
C:\Users\Brunno\Desktop\Projeto PkRO\vcproj-10\login-server_sql\Debug\rc.command.1.tlog
C:\Users\Brunno\Desktop\Projeto PkRO\vcproj-10\login-server_sql\Debug\rc.read.1.tlog
C:\Users\Brunno\Desktop\Projeto PkRO\vcproj-10\login-server_sql\Debug\rc.write.1.tlog
C:\USERS\BRUNNO\DESKTOP\PROJETO PKRO\VCPROJ-10\LOGIN-SERVER_SQL\DEBUG\SHOWMSG.OBJ
C:\USERS\BRUNNO\DESKTOP\PROJETO PKRO\VCPROJ-10\LOGIN-SERVER_SQL\DEBUG\SOCKET.OBJ
C:\USERS\BRUNNO\DESKTOP\PROJETO PKRO\VCPROJ-10\LOGIN-SERVER_SQL\DEBUG\SQL.OBJ
C:\USERS\BRUNNO\DESKTOP\PROJETO PKRO\VCPROJ-10\LOGIN-SERVER_SQL\DEBUG\STRLIB.OBJ
C:\USERS\BRUNNO\DESKTOP\PROJETO PKRO\VCPROJ-10\LOGIN-SERVER_SQL\DEBUG\TIMER.OBJ
C:\USERS\BRUNNO\DESKTOP\PROJETO PKRO\VCPROJ-10\LOGIN-SERVER_SQL\DEBUG\UTILS.OBJ
C:\Users\Brunno\Desktop\Projeto PkRO\vcproj-10\login-server_sql\Debug\vc100.idb
C:\USERS\BRUNNO\DESKTOP\PROJETO PKRO\VCPROJ-10\LOGIN-SERVER_SQL\DEBUG\VC100.PDB
