..\mapcache.ilk
..\mapcache.pdb
C:\USERS\BRUNNO\DESKTOP\PROJETO PKRO\MAPCACHE.EXE
C:\USERS\BRUNNO\DESKTOP\PROJETO PKRO\MAPCACHE.ILK
C:\USERS\BRUNNO\DESKTOP\PROJETO PKRO\MAPCACHE.PDB
C:\Users\Brunno\Desktop\Projeto PkRO\vcproj-10\..\mapcache.exe
C:\Users\Brunno\Desktop\Projeto PkRO\vcproj-10\mapcache\Debug\cl.command.1.tlog
C:\Users\Brunno\Desktop\Projeto PkRO\vcproj-10\mapcache\Debug\CL.read.1.tlog
C:\Users\Brunno\Desktop\Projeto PkRO\vcproj-10\mapcache\Debug\CL.write.1.tlog
C:\USERS\BRUNNO\DESKTOP\PROJETO PKRO\VCPROJ-10\MAPCACHE\DEBUG\CORE.OBJ
C:\USERS\BRUNNO\DESKTOP\PROJETO PKRO\VCPROJ-10\MAPCACHE\DEBUG\GRFIO.OBJ
C:\Users\Brunno\Desktop\Projeto PkRO\vcproj-10\mapcache\Debug\link.command.1.tlog
C:\Users\Brunno\Desktop\Projeto PkRO\vcproj-10\mapcache\Debug\link.read.1.tlog
C:\Users\Brunno\Desktop\Projeto PkRO\vcproj-10\mapcache\Debug\link.write.1.tlog
C:\Users\Brunno\Desktop\Projeto PkRO\vcproj-10\mapcache\Debug\link-cvtres.read.1.tlog
C:\Users\Brunno\Desktop\Projeto PkRO\vcproj-10\mapcache\Debug\link-cvtres.write.1.tlog
C:\USERS\BRUNNO\DESKTOP\PROJETO PKRO\VCPROJ-10\MAPCACHE\DEBUG\MALLOC.OBJ
C:\Users\Brunno\Desktop\Projeto PkRO\vcproj-10\mapcache\Debug\mapcache.exe.embed.manifest
C:\USERS\BRUNNO\DESKTOP\PROJETO PKRO\VCPROJ-10\MAPCACHE\DEBUG\MAPCACHE.EXE.EMBED.MANIFEST.RES
C:\USERS\BRUNNO\DESKTOP\PROJETO PKRO\VCPROJ-10\MAPCACHE\DEBUG\MAPCACHE.EXE.INTERMEDIATE.MANIFEST
C:\USERS\BRUNNO\DESKTOP\PROJETO PKRO\VCPROJ-10\MAPCACHE\DEBUG\MAPCACHE.OBJ
C:\Users\Brunno\Desktop\Projeto PkRO\vcproj-10\mapcache\Debug\mapcache_manifest.rc
C:\Users\Brunno\Desktop\Projeto PkRO\vcproj-10\mapcache\Debug\mt.command.1.tlog
C:\Users\Brunno\Desktop\Projeto PkRO\vcproj-10\mapcache\Debug\mt.read.1.tlog
C:\Users\Brunno\Desktop\Projeto PkRO\vcproj-10\mapcache\Debug\mt.write.1.tlog
C:\Users\Brunno\Desktop\Projeto PkRO\vcproj-10\mapcache\Debug\rc.command.1.tlog
C:\Users\Brunno\Desktop\Projeto PkRO\vcproj-10\mapcache\Debug\rc.read.1.tlog
C:\Users\Brunno\Desktop\Projeto PkRO\vcproj-10\mapcache\Debug\rc.write.1.tlog
C:\USERS\BRUNNO\DESKTOP\PROJETO PKRO\VCPROJ-10\MAPCACHE\DEBUG\SHOWMSG.OBJ
C:\USERS\BRUNNO\DESKTOP\PROJETO PKRO\VCPROJ-10\MAPCACHE\DEBUG\STRLIB.OBJ
C:\USERS\BRUNNO\DESKTOP\PROJETO PKRO\VCPROJ-10\MAPCACHE\DEBUG\UTILS.OBJ
C:\Users\Brunno\Desktop\Projeto PkRO\vcproj-10\mapcache\Debug\vc100.idb
C:\USERS\BRUNNO\DESKTOP\PROJETO PKRO\VCPROJ-10\MAPCACHE\DEBUG\VC100.PDB
