..\char-server_sql.ilk
..\char-server_sql.pdb
C:\USERS\BRUNNO\DESKTOP\PROJETO PKRO\CHAR-SERVER_SQL.EXE
C:\USERS\BRUNNO\DESKTOP\PROJETO PKRO\CHAR-SERVER_SQL.ILK
C:\USERS\BRUNNO\DESKTOP\PROJETO PKRO\CHAR-SERVER_SQL.PDB
C:\Users\Brunno\Desktop\Projeto PkRO\vcproj-10\..\char-server_sql.exe
C:\USERS\BRUNNO\DESKTOP\PROJETO PKRO\VCPROJ-10\CHAR-SERVER_SQL\DEBUG\CHAR.OBJ
C:\Users\Brunno\Desktop\Projeto PkRO\vcproj-10\char-server_sql\Debug\char-server_sql.exe.embed.manifest
C:\USERS\BRUNNO\DESKTOP\PROJETO PKRO\VCPROJ-10\CHAR-SERVER_SQL\DEBUG\CHAR-SERVER_SQL.EXE.EMBED.MANIFEST.RES
C:\USERS\BRUNNO\DESKTOP\PROJETO PKRO\VCPROJ-10\CHAR-SERVER_SQL\DEBUG\CHAR-SERVER_SQL.EXE.INTERMEDIATE.MANIFEST
C:\Users\Brunno\Desktop\Projeto PkRO\vcproj-10\char-server_sql\Debug\char-server_sql_manifest.rc
C:\Users\Brunno\Desktop\Projeto PkRO\vcproj-10\char-server_sql\Debug\cl.command.1.tlog
C:\Users\Brunno\Desktop\Projeto PkRO\vcproj-10\char-server_sql\Debug\CL.read.1.tlog
C:\Users\Brunno\Desktop\Projeto PkRO\vcproj-10\char-server_sql\Debug\CL.write.1.tlog
C:\USERS\BRUNNO\DESKTOP\PROJETO PKRO\VCPROJ-10\CHAR-SERVER_SQL\DEBUG\CORE.OBJ
C:\USERS\BRUNNO\DESKTOP\PROJETO PKRO\VCPROJ-10\CHAR-SERVER_SQL\DEBUG\DB.OBJ
C:\USERS\BRUNNO\DESKTOP\PROJETO PKRO\VCPROJ-10\CHAR-SERVER_SQL\DEBUG\ERS.OBJ
C:\USERS\BRUNNO\DESKTOP\PROJETO PKRO\VCPROJ-10\CHAR-SERVER_SQL\DEBUG\INT_AUCTION.OBJ
C:\USERS\BRUNNO\DESKTOP\PROJETO PKRO\VCPROJ-10\CHAR-SERVER_SQL\DEBUG\INT_GUILD.OBJ
C:\USERS\BRUNNO\DESKTOP\PROJETO PKRO\VCPROJ-10\CHAR-SERVER_SQL\DEBUG\INT_HOMUN.OBJ
C:\USERS\BRUNNO\DESKTOP\PROJETO PKRO\VCPROJ-10\CHAR-SERVER_SQL\DEBUG\INT_MAIL.OBJ
C:\USERS\BRUNNO\DESKTOP\PROJETO PKRO\VCPROJ-10\CHAR-SERVER_SQL\DEBUG\INT_MERCENARY.OBJ
C:\USERS\BRUNNO\DESKTOP\PROJETO PKRO\VCPROJ-10\CHAR-SERVER_SQL\DEBUG\INT_PARTY.OBJ
C:\USERS\BRUNNO\DESKTOP\PROJETO PKRO\VCPROJ-10\CHAR-SERVER_SQL\DEBUG\INT_PET.OBJ
C:\USERS\BRUNNO\DESKTOP\PROJETO PKRO\VCPROJ-10\CHAR-SERVER_SQL\DEBUG\INT_QUEST.OBJ
C:\USERS\BRUNNO\DESKTOP\PROJETO PKRO\VCPROJ-10\CHAR-SERVER_SQL\DEBUG\INT_STORAGE.OBJ
C:\USERS\BRUNNO\DESKTOP\PROJETO PKRO\VCPROJ-10\CHAR-SERVER_SQL\DEBUG\INTER.OBJ
C:\Users\Brunno\Desktop\Projeto PkRO\vcproj-10\char-server_sql\Debug\link.command.1.tlog
C:\Users\Brunno\Desktop\Projeto PkRO\vcproj-10\char-server_sql\Debug\link.read.1.tlog
C:\Users\Brunno\Desktop\Projeto PkRO\vcproj-10\char-server_sql\Debug\link.write.1.tlog
C:\Users\Brunno\Desktop\Projeto PkRO\vcproj-10\char-server_sql\Debug\link-cvtres.read.1.tlog
C:\Users\Brunno\Desktop\Projeto PkRO\vcproj-10\char-server_sql\Debug\link-cvtres.write.1.tlog
C:\USERS\BRUNNO\DESKTOP\PROJETO PKRO\VCPROJ-10\CHAR-SERVER_SQL\DEBUG\LOCK.OBJ
C:\USERS\BRUNNO\DESKTOP\PROJETO PKRO\VCPROJ-10\CHAR-SERVER_SQL\DEBUG\MALLOC.OBJ
C:\USERS\BRUNNO\DESKTOP\PROJETO PKRO\VCPROJ-10\CHAR-SERVER_SQL\DEBUG\MAPINDEX.OBJ
C:\Users\Brunno\Desktop\Projeto PkRO\vcproj-10\char-server_sql\Debug\mt.command.1.tlog
C:\Users\Brunno\Desktop\Projeto PkRO\vcproj-10\char-server_sql\Debug\mt.read.1.tlog
C:\Users\Brunno\Desktop\Projeto PkRO\vcproj-10\char-server_sql\Debug\mt.write.1.tlog
C:\USERS\BRUNNO\DESKTOP\PROJETO PKRO\VCPROJ-10\CHAR-SERVER_SQL\DEBUG\MT19937AR.OBJ
C:\USERS\BRUNNO\DESKTOP\PROJETO PKRO\VCPROJ-10\CHAR-SERVER_SQL\DEBUG\NULLPO.OBJ
C:\USERS\BRUNNO\DESKTOP\PROJETO PKRO\VCPROJ-10\CHAR-SERVER_SQL\DEBUG\PLUGINS.OBJ
C:\USERS\BRUNNO\DESKTOP\PROJETO PKRO\VCPROJ-10\CHAR-SERVER_SQL\DEBUG\RANDOM.OBJ
C:\Users\Brunno\Desktop\Projeto PkRO\vcproj-10\char-server_sql\Debug\rc.command.1.tlog
C:\Users\Brunno\Desktop\Projeto PkRO\vcproj-10\char-server_sql\Debug\rc.read.1.tlog
C:\Users\Brunno\Desktop\Projeto PkRO\vcproj-10\char-server_sql\Debug\rc.write.1.tlog
C:\USERS\BRUNNO\DESKTOP\PROJETO PKRO\VCPROJ-10\CHAR-SERVER_SQL\DEBUG\SHOWMSG.OBJ
C:\USERS\BRUNNO\DESKTOP\PROJETO PKRO\VCPROJ-10\CHAR-SERVER_SQL\DEBUG\SOCKET.OBJ
C:\USERS\BRUNNO\DESKTOP\PROJETO PKRO\VCPROJ-10\CHAR-SERVER_SQL\DEBUG\SQL.OBJ
C:\USERS\BRUNNO\DESKTOP\PROJETO PKRO\VCPROJ-10\CHAR-SERVER_SQL\DEBUG\STRLIB.OBJ
C:\USERS\BRUNNO\DESKTOP\PROJETO PKRO\VCPROJ-10\CHAR-SERVER_SQL\DEBUG\TIMER.OBJ
C:\USERS\BRUNNO\DESKTOP\PROJETO PKRO\VCPROJ-10\CHAR-SERVER_SQL\DEBUG\UTILS.OBJ
C:\Users\Brunno\Desktop\Projeto PkRO\vcproj-10\char-server_sql\Debug\vc100.idb
C:\USERS\BRUNNO\DESKTOP\PROJETO PKRO\VCPROJ-10\CHAR-SERVER_SQL\DEBUG\VC100.PDB
